# JRE version: Java(TM) SE Runtime Environment (7.0_45-b18) (build 1.7.0_45-b18)
# Java VM: Java HotSpot(TM) 64-Bit Server VM (24.45-b08 mixed mode windows-amd64 compressed oops)
Heap
 PSYoungGen      total 18944K, used 5017K [0x00000000eb500000, 0x00000000eda00000, 0x0000000100000000)
  eden space 16384K, 15% used [0x00000000eb500000,0x00000000eb76e478,0x00000000ec500000)
  from space 2560K, 98% used [0x00000000ec780000,0x00000000ec9f8020,0x00000000eca00000)
  to   space 2560K, 0% used [0x00000000ec500000,0x00000000ec500000,0x00000000ec780000)
 ParOldGen       total 41984K, used 14251K [0x00000000c2000000, 0x00000000c4900000, 0x00000000eb500000)
  object space 41984K, 33% used [0x00000000c2000000,0x00000000c2deaeb8,0x00000000c4900000)
 PSPermGen       total 21504K, used 11253K [0x00000000bce00000, 0x00000000be300000, 0x00000000c2000000)
  object space 21504K, 52% used [0x00000000bce00000,0x00000000bd8fd510,0x00000000be300000)
GC Heap History (4 events):
Event: 21.398 GC heap before
{Heap before GC invocations=1 (full 0):
 PSYoungGen      total 18944K, used 16186K [0x00000000eb500000, 0x00000000eca00000, 0x0000000100000000)
  eden space 16384K, 98% used [0x00000000eb500000,0x00000000ec4cea20,0x00000000ec500000)
  from space 2560K, 0% used [0x00000000ec780000,0x00000000ec780000,0x00000000eca00000)
  to   space 2560K, 0% used [0x00000000ec500000,0x00000000ec500000,0x00000000ec780000)
 ParOldGen       total 41984K, used 0K [0x00000000c2000000, 0x00000000c4900000, 0x00000000eb500000)
  object space 41984K, 0% used [0x00000000c2000000,0x00000000c2000000,0x00000000c4900000)
 PSPermGen       total 21504K, used 10145K [0x00000000bce00000, 0x00000000be300000, 0x00000000c2000000)
  object space 21504K, 47% used [0x00000000bce00000,0x00000000bd7e84e0,0x00000000be300000)
Event: 21.409 GC heap after
Heap after GC invocations=1 (full 0):
 PSYoungGen      total 18944K, used 2528K [0x00000000eb500000, 0x00000000eca00000, 0x0000000100000000)
  eden space 16384K, 0% used [0x00000000eb500000,0x00000000eb500000,0x00000000ec500000)
  from space 2560K, 98% used [0x00000000ec500000,0x00000000ec778030,0x00000000ec780000)
  to   space 2560K, 0% used [0x00000000ec780000,0x00000000ec780000,0x00000000eca00000)
 ParOldGen       total 41984K, used 3568K [0x00000000c2000000, 0x00000000c4900000, 0x00000000eb500000)
  object space 41984K, 8% used [0x00000000c2000000,0x00000000c237c2f0,0x00000000c4900000)
 PSPermGen       total 21504K, used 10145K [0x00000000bce00000, 0x00000000be300000, 0x00000000c2000000)
  object space 21504K, 47% used [0x00000000bce00000,0x00000000bd7e84e0,0x00000000be300000)
}
Event: 21.723 GC heap before
{Heap before GC invocations=2 (full 0):
 PSYoungGen      total 18944K, used 18912K [0x00000000eb500000, 0x00000000eca00000, 0x0000000100000000)
  eden space 16384K, 100% used [0x00000000eb500000,0x00000000ec500000,0x00000000ec500000)
  from space 2560K, 98% used [0x00000000ec500000,0x00000000ec778030,0x00000000ec780000)
  to   space 2560K, 0% used [0x00000000ec780000,0x00000000ec780000,0x00000000eca00000)
 ParOldGen       total 41984K, used 3568K [0x00000000c2000000, 0x00000000c4900000, 0x00000000eb500000)
  object space 41984K, 8% used [0x00000000c2000000,0x00000000c237c2f0,0x00000000c4900000)
 PSPermGen       total 21504K, used 10757K [0x00000000bce00000, 0x00000000be300000, 0x00000000c2000000)
  object space 21504K, 50% used [0x00000000bce00000,0x00000000bd8814a8,0x00000000be300000)
Event: 21.745 GC heap after
Heap after GC invocations=2 (full 0):
 PSYoungGen      total 18944K, used 2528K [0x00000000eb500000, 0x00000000eda00000, 0x0000000100000000)
  eden space 16384K, 0% used [0x00000000eb500000,0x00000000eb500000,0x00000000ec500000)
  from space 2560K, 98% used [0x00000000ec780000,0x00000000ec9f8020,0x00000000eca00000)
  to   space 2560K, 0% used [0x00000000ec500000,0x00000000ec500000,0x00000000ec780000)
 ParOldGen       total 41984K, used 14251K [0x00000000c2000000, 0x00000000c4900000, 0x00000000eb500000)
  object space 41984K, 33% used [0x00000000c2000000,0x00000000c2deaeb8,0x00000000c4900000)
 PSPermGen       total 21504K, used 10757K [0x00000000bce00000, 0x00000000be300000, 0x00000000c2000000)
  object space 21504K, 50% used [0x00000000bce00000,0x00000000bd8814a8,0x00000000be300000)
}

