# JRE version: Java(TM) SE Runtime Environment (7.0_45-b18) (build 1.7.0_45-b18)
# Java VM: Java HotSpot(TM) 64-Bit Server VM (24.45-b08 mixed mode windows-amd64 compressed oops)
Heap
 PSYoungGen      total 18944K, used 7942K [0x00000000eb500000, 0x00000000eda00000, 0x0000000100000000)
  eden space 16384K, 32% used [0x00000000eb500000,0x00000000eba41820,0x00000000ec500000)
  from space 2560K, 100% used [0x00000000ec780000,0x00000000eca00000,0x00000000eca00000)
  to   space 2560K, 0% used [0x00000000ec500000,0x00000000ec500000,0x00000000ec780000)
 ParOldGen       total 41984K, used 14186K [0x00000000c2000000, 0x00000000c4900000, 0x00000000eb500000)
  object space 41984K, 33% used [0x00000000c2000000,0x00000000c2ddaa10,0x00000000c4900000)
 PSPermGen       total 21504K, used 11151K [0x00000000bce00000, 0x00000000be300000, 0x00000000c2000000)
  object space 21504K, 51% used [0x00000000bce00000,0x00000000bd8e3e10,0x00000000be300000)
GC Heap History (4 events):
Event: 11.277 GC heap before
{Heap before GC invocations=1 (full 0):
 PSYoungGen      total 18944K, used 16384K [0x00000000eb500000, 0x00000000eca00000, 0x0000000100000000)
  eden space 16384K, 100% used [0x00000000eb500000,0x00000000ec500000,0x00000000ec500000)
  from space 2560K, 0% used [0x00000000ec780000,0x00000000ec780000,0x00000000eca00000)
  to   space 2560K, 0% used [0x00000000ec500000,0x00000000ec500000,0x00000000ec780000)
 ParOldGen       total 41984K, used 0K [0x00000000c2000000, 0x00000000c4900000, 0x00000000eb500000)
  object space 41984K, 0% used [0x00000000c2000000,0x00000000c2000000,0x00000000c4900000)
 PSPermGen       total 21504K, used 10162K [0x00000000bce00000, 0x00000000be300000, 0x00000000c2000000)
  object space 21504K, 47% used [0x00000000bce00000,0x00000000bd7ec8b0,0x00000000be300000)
Event: 11.287 GC heap after
Heap after GC invocations=1 (full 0):
 PSYoungGen      total 18944K, used 2544K [0x00000000eb500000, 0x00000000eca00000, 0x0000000100000000)
  eden space 16384K, 0% used [0x00000000eb500000,0x00000000eb500000,0x00000000ec500000)
  from space 2560K, 99% used [0x00000000ec500000,0x00000000ec77c020,0x00000000ec780000)
  to   space 2560K, 0% used [0x00000000ec780000,0x00000000ec780000,0x00000000eca00000)
 ParOldGen       total 41984K, used 3500K [0x00000000c2000000, 0x00000000c4900000, 0x00000000eb500000)
  object space 41984K, 8% used [0x00000000c2000000,0x00000000c236b2e0,0x00000000c4900000)
 PSPermGen       total 21504K, used 10162K [0x00000000bce00000, 0x00000000be300000, 0x00000000c2000000)
  object space 21504K, 47% used [0x00000000bce00000,0x00000000bd7ec8b0,0x00000000be300000)
}
Event: 11.592 GC heap before
{Heap before GC invocations=2 (full 0):
 PSYoungGen      total 18944K, used 18928K [0x00000000eb500000, 0x00000000eca00000, 0x0000000100000000)
  eden space 16384K, 100% used [0x00000000eb500000,0x00000000ec500000,0x00000000ec500000)
  from space 2560K, 99% used [0x00000000ec500000,0x00000000ec77c020,0x00000000ec780000)
  to   space 2560K, 0% used [0x00000000ec780000,0x00000000ec780000,0x00000000eca00000)
 ParOldGen       total 41984K, used 3500K [0x00000000c2000000, 0x00000000c4900000, 0x00000000eb500000)
  object space 41984K, 8% used [0x00000000c2000000,0x00000000c236b2e0,0x00000000c4900000)
 PSPermGen       total 21504K, used 10738K [0x00000000bce00000, 0x00000000be300000, 0x00000000c2000000)
  object space 21504K, 49% used [0x00000000bce00000,0x00000000bd87c968,0x00000000be300000)
Event: 11.613 GC heap after
Heap after GC invocations=2 (full 0):
 PSYoungGen      total 18944K, used 2560K [0x00000000eb500000, 0x00000000eda00000, 0x0000000100000000)
  eden space 16384K, 0% used [0x00000000eb500000,0x00000000eb500000,0x00000000ec500000)
  from space 2560K, 100% used [0x00000000ec780000,0x00000000eca00000,0x00000000eca00000)
  to   space 2560K, 0% used [0x00000000ec500000,0x00000000ec500000,0x00000000ec780000)
 ParOldGen       total 41984K, used 14186K [0x00000000c2000000, 0x00000000c4900000, 0x00000000eb500000)
  object space 41984K, 33% used [0x00000000c2000000,0x00000000c2ddaa10,0x00000000c4900000)
 PSPermGen       total 21504K, used 10738K [0x00000000bce00000, 0x00000000be300000, 0x00000000c2000000)
  object space 21504K, 49% used [0x00000000bce00000,0x00000000bd87c968,0x00000000be300000)
}

